#
# There is insufficient memory for the Java Runtime Environment to continue.
# Native memory allocation (malloc) failed to allocate 1794368 bytes for Chunk::new
# Possible reasons:
#   The system is out of physical RAM or swap space
#   In 32 bit mode, the process size limit was hit
# Possible solutions:
#   Reduce memory load on the system
#   Increase physical memory or swap space
#   Check if swap backing store is full
#   Use 64 bit Java on a 64 bit OS
#   Decrease Java heap size (-Xmx/-Xms)
#   Decrease number of Java threads
#   Decrease Java thread stack sizes (-Xss)
#   Set larger code cache with -XX:ReservedCodeCacheSize=
# This output file may be truncated or incomplete.
#
#  Out of Memory Error (allocation.cpp:390), pid=7388, tid=0x0000000000003300
#
# JRE version: OpenJDK Runtime Environment (8.0_152-b02) (build 1.8.0_152-release-1024-b02)
# Java VM: OpenJDK 64-Bit Server VM (25.152-b02 mixed mode windows-amd64 compressed oops)
# Failed to write core dump. Minidumps are not enabled by default on client versions of Windows
#

---------------  T H R E A D  ---------------

Current thread (0x00000000185db000):  JavaThread "C2 CompilerThread2" daemon [_thread_in_native, id=13056, stack(0x000000001aeb0000,0x000000001afb0000)]

Stack: [0x000000001aeb0000,0x000000001afb0000]
[error occurred during error reporting (printing stack bounds), id 0xc0000005]

Native frames: (J=compiled Java code, j=interpreted, Vv=VM code, C=native code)


Current CompileTask:
C2:  24660 5417   !   4       com.sun.beans.TypeResolver::resolve (274 bytes)


---------------  P R O C E S S  ---------------

Java Threads: ( => current thread )
  0x000000001b7c1800 JavaThread "Task worker for ':' Thread 7" [_thread_blocked, id=11308, stack(0x00000000277f0000,0x00000000278f0000)]
  0x000000001b7bf800 JavaThread "Task worker for ':' Thread 6" [_thread_blocked, id=236, stack(0x00000000276f0000,0x00000000277f0000)]
  0x000000001b7bc800 JavaThread "Task worker for ':' Thread 5" [_thread_blocked, id=3836, stack(0x0000000026380000,0x0000000026480000)]
  0x000000001b7c3000 JavaThread "Task worker for ':' Thread 4" [_thread_blocked, id=3884, stack(0x0000000026280000,0x0000000026380000)]
  0x000000001b7bb800 JavaThread "Task worker for ':' Thread 3" [_thread_blocked, id=8080, stack(0x0000000025190000,0x0000000025290000)]
  0x000000001b7be800 JavaThread "Task worker for ':' Thread 2" [_thread_blocked, id=756, stack(0x0000000025090000,0x0000000025190000)]
  0x000000001b7c1000 JavaThread "Task worker for ':'" [_thread_in_vm, id=6116, stack(0x0000000024f90000,0x0000000025090000)]
  0x000000001b7bd000 JavaThread "Cache worker for Build Output Cleanup Cache (C:\Users\Nahim\Documents\ProyectosAndroidStudio\DAM-3\MuleApp\.gradle\buildOutputCleanup)" [_thread_blocked, id=372, stack(0x0000000024e90000,0x0000000024f90000)]
  0x000000001b7c2800 JavaThread "Cache worker for task history cache (C:\Users\Nahim\Documents\ProyectosAndroidStudio\DAM-3\MuleApp\.gradle\4.4\taskHistory)" [_thread_blocked, id=516, stack(0x0000000024d90000,0x0000000024e90000)]
  0x000000001b7be000 JavaThread "Cache worker for file content cache (C:\Users\Nahim\Documents\ProyectosAndroidStudio\DAM-3\MuleApp\.gradle\4.4\fileContent)" [_thread_blocked, id=1148, stack(0x0000000024c90000,0x0000000024d90000)]
  0x000000001b7b6000 JavaThread "Memory manager" [_thread_blocked, id=540, stack(0x0000000023f90000,0x0000000024090000)]
  0x000000001b7b8000 JavaThread "pool-1-thread-1" [_thread_blocked, id=8844, stack(0x0000000023c90000,0x0000000023d90000)]
  0x000000001b7bb000 JavaThread "build operations Thread 8" [_thread_blocked, id=12104, stack(0x0000000023790000,0x0000000023890000)]
  0x000000001b7b8800 JavaThread "build operations Thread 7" [_thread_blocked, id=8380, stack(0x0000000023690000,0x0000000023790000)]
  0x000000001f485800 JavaThread "build operations Thread 6" [_thread_blocked, id=8364, stack(0x0000000023590000,0x0000000023690000)]
  0x000000001f48a000 JavaThread "build operations Thread 5" [_thread_blocked, id=2744, stack(0x0000000023490000,0x0000000023590000)]
  0x000000001f487000 JavaThread "build operations Thread 4" [_thread_blocked, id=10920, stack(0x0000000023390000,0x0000000023490000)]
  0x000000001f48b000 JavaThread "build operations Thread 3" [_thread_blocked, id=1604, stack(0x0000000023290000,0x0000000023390000)]
  0x000000001f486800 JavaThread "build operations Thread 2" [_thread_blocked, id=12052, stack(0x0000000022ef0000,0x0000000022ff0000)]
  0x000000001f489800 JavaThread "build operations" [_thread_blocked, id=7820, stack(0x0000000022df0000,0x0000000022ef0000)]
  0x000000001f484000 JavaThread "Cache worker for Artifact transforms cache (C:\Users\Nahim\.gradle\caches\transforms-1)" [_thread_blocked, id=3212, stack(0x0000000021290000,0x0000000021390000)]
  0x000000001e5cb800 JavaThread "Cache worker for file hash cache (C:\Users\Nahim\Documents\ProyectosAndroidStudio\DAM-3\MuleApp\.gradle\4.4\fileHashes)" [_thread_blocked, id=348, stack(0x000000001eff0000,0x000000001f0f0000)]
  0x000000001c629800 JavaThread "File lock request listener" [_thread_in_native, id=6504, stack(0x000000001df20000,0x000000001e020000)]
  0x000000001c36e000 JavaThread "Cache worker for file hash cache (C:\Users\Nahim\.gradle\caches\4.4\fileHashes)" [_thread_blocked, id=1796, stack(0x000000001de20000,0x000000001df20000)]
  0x000000001c488800 JavaThread "Stdin handler" [_thread_blocked, id=7800, stack(0x000000001da20000,0x000000001db20000)]
  0x000000001c487800 JavaThread "Asynchronous log dispatcher for DefaultDaemonConnection: socket connection from /127.0.0.1:60078 to /127.0.0.1:60079" [_thread_blocked, id=6272, stack(0x000000001d920000,0x000000001da20000)]
  0x000000001c47d000 JavaThread "Daemon worker" [_thread_blocked, id=9948, stack(0x000000001d820000,0x000000001d920000)]
  0x000000001c47a000 JavaThread "Cancel handler" [_thread_blocked, id=7956, stack(0x000000001d720000,0x000000001d820000)]
  0x000000001c2ab800 JavaThread "Handler for socket connection from /127.0.0.1:60078 to /127.0.0.1:60079" [_thread_in_native, id=7532, stack(0x000000001d420000,0x000000001d520000)]
  0x000000001c2aa000 JavaThread "Daemon" [_thread_blocked, id=11060, stack(0x000000001d320000,0x000000001d420000)]
  0x000000001c292800 JavaThread "Daemon periodic checks" [_thread_blocked, id=2312, stack(0x000000001d220000,0x000000001d320000)]
  0x000000001c26d000 JavaThread "Incoming local TCP Connector on port 60078" [_thread_in_native, id=428, stack(0x000000001cfc0000,0x000000001d0c0000)]
  0x000000001a556000 JavaThread "Service Thread" daemon [_thread_blocked, id=9820, stack(0x000000001b0b0000,0x000000001b1b0000)]
  0x000000001a4d7000 JavaThread "C1 CompilerThread3" daemon [_thread_blocked, id=9552, stack(0x000000001afb0000,0x000000001b0b0000)]
=>0x00000000185db000 JavaThread "C2 CompilerThread2" daemon [_thread_in_native, id=13056, stack(0x000000001aeb0000,0x000000001afb0000)]
  0x000000001a4cf800 JavaThread "C2 CompilerThread1" daemon [_thread_in_native, id=13032, stack(0x000000001adb0000,0x000000001aeb0000)]
  0x000000001a4cd800 JavaThread "C2 CompilerThread0" daemon [_thread_in_native, id=8260, stack(0x000000001acb0000,0x000000001adb0000)]
  0x000000001a4cc800 JavaThread "Attach Listener" daemon [_thread_blocked, id=9180, stack(0x000000001abb0000,0x000000001acb0000)]
  0x000000001a4cb800 JavaThread "Signal Dispatcher" daemon [_thread_blocked, id=4128, stack(0x000000001aab0000,0x000000001abb0000)]
  0x000000001a4c0800 JavaThread "Finalizer" daemon [_thread_blocked, id=7084, stack(0x000000001a8a0000,0x000000001a9a0000)]
  0x00000000185cb000 JavaThread "Reference Handler" daemon [_thread_blocked, id=9504, stack(0x000000001a3a0000,0x000000001a4a0000)]
  0x000000000460d800 JavaThread "main" [_thread_blocked, id=11892, stack(0x0000000004610000,0x0000000004710000)]

Other Threads:
  0x0000000004807800 VMThread [stack: 0x000000001a2a0000,0x000000001a3a0000] [id=11552]
  0x000000001a556800 WatcherThread [stack: 0x000000001b1b0000,0x000000001b2b0000] [id=10724]

VM state:not at safepoint (normal execution)

VM Mutex/Monitor currently owned by a thread: None

Heap:
 PSYoungGen      total 171520K, used 140318K [0x00000000e0000000, 0x00000000ece80000, 0x0000000100000000)
  eden space 159232K, 80% used [0x00000000e0000000,0x00000000e7d09cf8,0x00000000e9b80000)
  from space 12288K, 99% used [0x00000000eaa00000,0x00000000eb5fde70,0x00000000eb600000)
  to   space 14848K, 0% used [0x00000000e9b80000,0x00000000e9b80000,0x00000000eaa00000)
 ParOldGen       total 97792K, used 21179K [0x00000000a0000000, 0x00000000a5f80000, 0x00000000e0000000)
  object space 97792K, 21% used [0x00000000a0000000,0x00000000a14aeda0,0x00000000a5f80000)
 Metaspace       used 52861K, capacity 54490K, committed 54744K, reserved 1095680K
  class space    used 7262K, capacity 7646K, committed 7680K, reserved 1048576K

Card table byte_map: [0x0000000013bd0000,0x0000000013ee0000] byte_map_base: 0x00000000136d0000

Marking Bits: (ParMarkBitMap*) 0x00000000570a4970
 Begin Bits: [0x00000000148e0000, 0x00000000160e0000)
 End Bits:   [0x00000000160e0000, 0x00000000178e0000)

Polling page: 0x0000000002e50000

CodeCache: size=245760Kb used=17558Kb max_used=17770Kb free=228201Kb
 bounds [0x0000000004810000, 0x0000000005980000, 0x0000000013810000]
 total_blobs=5886 nmethods=5122 adapters=676
 compilation: enabled

Compilation events (10 events):
Event: 24.622 Thread 0x000000001a4d7000 5595       3       java.lang.ClassLoader::getResources (53 bytes)
Event: 24.623 Thread 0x000000001a4d7000 nmethod 5595 0x0000000005976e50 code [0x0000000005977060, 0x0000000005977cc8]
Event: 24.624 Thread 0x000000001a4d7000 5596       3       sun.misc.CompoundEnumeration::<init> (15 bytes)
Event: 24.624 Thread 0x000000001a4d7000 nmethod 5596 0x0000000004957dd0 code [0x0000000004957f20, 0x00000000049580f0]
Event: 24.643 Thread 0x000000001a4d7000 5597       3       com.sun.org.apache.xerces.internal.impl.dtd.XMLDTDProcessor::setFeature (1 bytes)
Event: 24.643 Thread 0x000000001a4d7000 nmethod 5597 0x000000000498e4d0 code [0x000000000498e620, 0x000000000498e770]
Event: 24.644 Thread 0x000000001a4d7000 5598       3       com.sun.org.apache.xerces.internal.impl.dtd.XMLDTDValidator::setFeature (1 bytes)
Event: 24.644 Thread 0x000000001a4d7000 nmethod 5598 0x00000000049732d0 code [0x0000000004973420, 0x0000000004973570]
Event: 24.644 Thread 0x000000001a4d7000 5599       3       com.sun.org.apache.xerces.internal.parsers.XML11Configuration::addRecognizedParamsAndSetDefaults (173 bytes)
Event: 24.646 Thread 0x000000001a4d7000 nmethod 5599 0x00000000049407d0 code [0x0000000004940a60, 0x0000000004941bc8]

GC Heap History (10 events):
Event: 3.603 GC heap before
{Heap before GC invocations=6 (full 1):
 PSYoungGen      total 71680K, used 5088K [0x00000000e0000000, 0x00000000e9500000, 0x0000000100000000)
  eden space 66560K, 0% used [0x00000000e0000000,0x00000000e0000000,0x00000000e4100000)
  from space 5120K, 99% used [0x00000000e4100000,0x00000000e45f8050,0x00000000e4600000)
  to   space 9728K, 0% used [0x00000000e8b80000,0x00000000e8b80000,0x00000000e9500000)
 ParOldGen       total 87552K, used 8323K [0x00000000a0000000, 0x00000000a5580000, 0x00000000e0000000)
  object space 87552K, 9% used [0x00000000a0000000,0x00000000a0820fa0,0x00000000a5580000)
 Metaspace       used 20795K, capacity 21200K, committed 21248K, reserved 1067008K
  class space    used 2902K, capacity 3042K, committed 3072K, reserved 1048576K
Event: 3.639 GC heap after
Heap after GC invocations=6 (full 1):
 PSYoungGen      total 71680K, used 0K [0x00000000e0000000, 0x00000000e9500000, 0x0000000100000000)
  eden space 66560K, 0% used [0x00000000e0000000,0x00000000e0000000,0x00000000e4100000)
  from space 5120K, 0% used [0x00000000e4100000,0x00000000e4100000,0x00000000e4600000)
  to   space 9728K, 0% used [0x00000000e8b80000,0x00000000e8b80000,0x00000000e9500000)
 ParOldGen       total 59392K, used 7925K [0x00000000a0000000, 0x00000000a3a00000, 0x00000000e0000000)
  object space 59392K, 13% used [0x00000000a0000000,0x00000000a07bd400,0x00000000a3a00000)
 Metaspace       used 20795K, capacity 21200K, committed 21248K, reserved 1067008K
  class space    used 2902K, capacity 3042K, committed 3072K, reserved 1048576K
}
Event: 4.875 GC heap before
{Heap before GC invocations=7 (full 1):
 PSYoungGen      total 71680K, used 66560K [0x00000000e0000000, 0x00000000e9500000, 0x0000000100000000)
  eden space 66560K, 100% used [0x00000000e0000000,0x00000000e4100000,0x00000000e4100000)
  from space 5120K, 0% used [0x00000000e4100000,0x00000000e4100000,0x00000000e4600000)
  to   space 9728K, 0% used [0x00000000e8b80000,0x00000000e8b80000,0x00000000e9500000)
 ParOldGen       total 59392K, used 7925K [0x00000000a0000000, 0x00000000a3a00000, 0x00000000e0000000)
  object space 59392K, 13% used [0x00000000a0000000,0x00000000a07bd400,0x00000000a3a00000)
 Metaspace       used 26587K, capacity 27120K, committed 27136K, reserved 1073152K
  class space    used 3669K, capacity 3833K, committed 3840K, reserved 1048576K
Event: 4.888 GC heap after
Heap after GC invocations=7 (full 1):
 PSYoungGen      total 112640K, used 7298K [0x00000000e0000000, 0x00000000e9300000, 0x0000000100000000)
  eden space 104960K, 0% used [0x00000000e0000000,0x00000000e0000000,0x00000000e6680000)
  from space 7680K, 95% used [0x00000000e8b80000,0x00000000e92a0a48,0x00000000e9300000)
  to   space 9728K, 0% used [0x00000000e8000000,0x00000000e8000000,0x00000000e8980000)
 ParOldGen       total 59392K, used 7933K [0x00000000a0000000, 0x00000000a3a00000, 0x00000000e0000000)
  object space 59392K, 13% used [0x00000000a0000000,0x00000000a07bf400,0x00000000a3a00000)
 Metaspace       used 26587K, capacity 27120K, committed 27136K, reserved 1073152K
  class space    used 3669K, capacity 3833K, committed 3840K, reserved 1048576K
}
Event: 7.009 GC heap before
{Heap before GC invocations=8 (full 1):
 PSYoungGen      total 112640K, used 95431K [0x00000000e0000000, 0x00000000e9300000, 0x0000000100000000)
  eden space 104960K, 83% used [0x00000000e0000000,0x00000000e5611568,0x00000000e6680000)
  from space 7680K, 95% used [0x00000000e8b80000,0x00000000e92a0a48,0x00000000e9300000)
  to   space 9728K, 0% used [0x00000000e8000000,0x00000000e8000000,0x00000000e8980000)
 ParOldGen       total 59392K, used 7933K [0x00000000a0000000, 0x00000000a3a00000, 0x00000000e0000000)
  object space 59392K, 13% used [0x00000000a0000000,0x00000000a07bf400,0x00000000a3a00000)
 Metaspace       used 34637K, capacity 35260K, committed 35416K, reserved 1079296K
  class space    used 4780K, capacity 4976K, committed 4992K, reserved 1048576K
Event: 7.022 GC heap after
Heap after GC invocations=8 (full 1):
 PSYoungGen      total 140800K, used 9703K [0x00000000e0000000, 0x00000000eb600000, 0x0000000100000000)
  eden space 131072K, 0% used [0x00000000e0000000,0x00000000e0000000,0x00000000e8000000)
  from space 9728K, 99% used [0x00000000e8000000,0x00000000e8979ef0,0x00000000e8980000)
  to   space 12288K, 0% used [0x00000000eaa00000,0x00000000eaa00000,0x00000000eb600000)
 ParOldGen       total 59392K, used 11044K [0x00000000a0000000, 0x00000000a3a00000, 0x00000000e0000000)
  object space 59392K, 18% used [0x00000000a0000000,0x00000000a0ac9048,0x00000000a3a00000)
 Metaspace       used 34637K, capacity 35260K, committed 35416K, reserved 1079296K
  class space    used 4780K, capacity 4976K, committed 4992K, reserved 1048576K
}
Event: 7.022 GC heap before
{Heap before GC invocations=9 (full 2):
 PSYoungGen      total 140800K, used 9703K [0x00000000e0000000, 0x00000000eb600000, 0x0000000100000000)
  eden space 131072K, 0% used [0x00000000e0000000,0x00000000e0000000,0x00000000e8000000)
  from space 9728K, 99% used [0x00000000e8000000,0x00000000e8979ef0,0x00000000e8980000)
  to   space 12288K, 0% used [0x00000000eaa00000,0x00000000eaa00000,0x00000000eb600000)
 ParOldGen       total 59392K, used 11044K [0x00000000a0000000, 0x00000000a3a00000, 0x00000000e0000000)
  object space 59392K, 18% used [0x00000000a0000000,0x00000000a0ac9048,0x00000000a3a00000)
 Metaspace       used 34637K, capacity 35260K, committed 35416K, reserved 1079296K
  class space    used 4780K, capacity 4976K, committed 4992K, reserved 1048576K
Event: 7.086 GC heap after
Heap after GC invocations=9 (full 2):
 PSYoungGen      total 140800K, used 0K [0x00000000e0000000, 0x00000000eb600000, 0x0000000100000000)
  eden space 131072K, 0% used [0x00000000e0000000,0x00000000e0000000,0x00000000e8000000)
  from space 9728K, 0% used [0x00000000e8000000,0x00000000e8000000,0x00000000e8980000)
  to   space 12288K, 0% used [0x00000000eaa00000,0x00000000eaa00000,0x00000000eb600000)
 ParOldGen       total 97792K, used 19172K [0x00000000a0000000, 0x00000000a5f80000, 0x00000000e0000000)
  object space 97792K, 19% used [0x00000000a0000000,0x00000000a12b9078,0x00000000a5f80000)
 Metaspace       used 34637K, capacity 35260K, committed 35416K, reserved 1079296K
  class space    used 4780K, capacity 4976K, committed 4992K, reserved 1048576K
}
Event: 17.575 GC heap before
{Heap before GC invocations=10 (full 2):
 PSYoungGen      total 140800K, used 131072K [0x00000000e0000000, 0x00000000eb600000, 0x0000000100000000)
  eden space 131072K, 100% used [0x00000000e0000000,0x00000000e8000000,0x00000000e8000000)
  from space 9728K, 0% used [0x00000000e8000000,0x00000000e8000000,0x00000000e8980000)
  to   space 12288K, 0% used [0x00000000eaa00000,0x00000000eaa00000,0x00000000eb600000)
 ParOldGen       total 97792K, used 19172K [0x00000000a0000000, 0x00000000a5f80000, 0x00000000e0000000)
  object space 97792K, 19% used [0x00000000a0000000,0x00000000a12b9078,0x00000000a5f80000)
 Metaspace       used 43071K, capacity 43980K, committed 44120K, reserved 1087488K
  class space    used 5949K, capacity 6247K, committed 6272K, reserved 1048576K
Event: 17.591 GC heap after
Heap after GC invocations=10 (full 2):
 PSYoungGen      total 171520K, used 12279K [0x00000000e0000000, 0x00000000ece80000, 0x0000000100000000)
  eden space 159232K, 0% used [0x00000000e0000000,0x00000000e0000000,0x00000000e9b80000)
  from space 12288K, 99% used [0x00000000eaa00000,0x00000000eb5fde70,0x00000000eb600000)
  to   space 14848K, 0% used [0x00000000e9b80000,0x00000000e9b80000,0x00000000eaa00000)
 ParOldGen       total 97792K, used 21179K [0x00000000a0000000, 0x00000000a5f80000, 0x00000000e0000000)
  object space 97792K, 21% used [0x00000000a0000000,0x00000000a14aeda0,0x00000000a5f80000)
 Metaspace       used 43071K, capacity 43980K, committed 44120K, reserved 1087488K
  class space    used 5949K, capacity 6247K, committed 6272K, reserved 1048576K
}

Deoptimization events (10 events):
Event: 24.209 Thread 0x000000001c47d000 Uncommon trap: reason=class_check action=maybe_recompile pc=0x00000000058f027c method=com.google.common.collect.AbstractMapBasedMultimap.put(Ljava/lang/Object;Ljava/lang/Object;)Z @ 10
Event: 24.209 Thread 0x000000001c47d000 Uncommon trap: reason=class_check action=maybe_recompile pc=0x00000000058f027c method=com.google.common.collect.AbstractMapBasedMultimap.put(Ljava/lang/Object;Ljava/lang/Object;)Z @ 10
Event: 24.213 Thread 0x000000001c47d000 Uncommon trap: reason=class_check action=maybe_recompile pc=0x000000000532df78 method=com.google.common.collect.AbstractMapBasedMultimap$WrappedCollection.refreshIfEmpty()V @ 59
Event: 24.213 Thread 0x000000001c47d000 Uncommon trap: reason=class_check action=maybe_recompile pc=0x000000000532df78 method=com.google.common.collect.AbstractMapBasedMultimap$WrappedCollection.refreshIfEmpty()V @ 59
Event: 24.213 Thread 0x000000001c47d000 Uncommon trap: reason=class_check action=maybe_recompile pc=0x000000000532df78 method=com.google.common.collect.AbstractMapBasedMultimap$WrappedCollection.refreshIfEmpty()V @ 59
Event: 24.213 Thread 0x000000001c47d000 Uncommon trap: reason=class_check action=maybe_recompile pc=0x000000000532df78 method=com.google.common.collect.AbstractMapBasedMultimap$WrappedCollection.refreshIfEmpty()V @ 59
Event: 24.371 Thread 0x000000001c47d000 Uncommon trap: reason=unstable_if action=reinterpret pc=0x0000000004f79358 method=java.lang.String.regionMatches(ZILjava/lang/String;II)Z @ 102
Event: 24.458 Thread 0x000000001c47d000 Uncommon trap: reason=unstable_if action=reinterpret pc=0x000000000548008c method=org.objectweb.asm.MethodWriter.visitVarInsn(II)V @ 122
Event: 24.458 Thread 0x000000001c47d000 Uncommon trap: reason=unstable_if action=reinterpret pc=0x00000000050fe0d8 method=org.objectweb.asm.Frame.initInputFrame(Lorg/objectweb/asm/ClassWriter;I[Lorg/objectweb/asm/Type;I)V @ 107
Event: 24.458 Thread 0x000000001c47d000 Uncommon trap: reason=unstable_if action=reinterpret pc=0x000000000584fd04 method=org.objectweb.asm.MethodWriter.visitFrame(Lorg/objectweb/asm/Frame;)V @ 62

Classes redefined (0 events):
No events

Internal exceptions (10 events):
Event: 24.095 Thread 0x000000001c47d000 Exception <a 'java/lang/ClassNotFoundException': com/android/build/gradle/internal/api/ApkVariantOutputImplCustomizer> (0x00000000e698b460) thrown at [D:\src\AOSP-openjdk-cygwin\jdk8u\hotspot\src\share\vm\classfile\systemDictionary.cpp, line 210]
Event: 24.096 Thread 0x000000001c47d000 Exception <a 'java/lang/ClassNotFoundException': com/android/build/gradle/internal/api/ApkVariantOutputImpl_DecoratedCustomizer> (0x00000000e69b6528) thrown at [D:\src\AOSP-openjdk-cygwin\jdk8u\hotspot\src\share\vm\classfile\systemDictionary.cpp, line 210
Event: 24.172 Thread 0x000000001c47d000 Exception <a 'java/lang/ClassNotFoundException': org/gradle/platform/base/BinaryContainer_ImplBeanInfo> (0x00000000e6e76ca0) thrown at [D:\src\AOSP-openjdk-cygwin\jdk8u\hotspot\src\share\vm\classfile\systemDictionary.cpp, line 210]
Event: 24.173 Thread 0x000000001c47d000 Exception <a 'java/lang/ClassNotFoundException': org/gradle/model/internal/core/NodeBackedModelMapBeanInfo> (0x00000000e6e8adf0) thrown at [D:\src\AOSP-openjdk-cygwin\jdk8u\hotspot\src\share\vm\classfile\systemDictionary.cpp, line 210]
Event: 24.173 Thread 0x000000001c47d000 Exception <a 'java/lang/ClassNotFoundException': org/gradle/model/internal/core/ModelMapGroovyViewBeanInfo> (0x00000000e6e9ef40) thrown at [D:\src\AOSP-openjdk-cygwin\jdk8u\hotspot\src\share\vm\classfile\systemDictionary.cpp, line 210]
Event: 24.178 Thread 0x000000001c47d000 Exception <a 'java/lang/ClassNotFoundException': org/gradle/model/internal/core/ModelMapGroovyViewCustomizer> (0x00000000e6eb3d58) thrown at [D:\src\AOSP-openjdk-cygwin\jdk8u\hotspot\src\share\vm\classfile\systemDictionary.cpp, line 210]
Event: 24.180 Thread 0x000000001c47d000 Exception <a 'java/lang/ClassNotFoundException': org/gradle/model/internal/core/NodeBackedModelMapCustomizer> (0x00000000e6edbf98) thrown at [D:\src\AOSP-openjdk-cygwin\jdk8u\hotspot\src\share\vm\classfile\systemDictionary.cpp, line 210]
Event: 24.185 Thread 0x000000001c47d000 Exception <a 'java/lang/ClassNotFoundException': org/gradle/platform/base/BinaryContainer_ImplCustomizer> (0x00000000e6f3f1c0) thrown at [D:\src\AOSP-openjdk-cygwin\jdk8u\hotspot\src\share\vm\classfile\systemDictionary.cpp, line 210]
Event: 24.571 Thread 0x000000001b7c1000 Exception <a 'java/lang/NoSuchMethodError': <clinit>> (0x00000000e7a8f208) thrown at [D:\src\AOSP-openjdk-cygwin\jdk8u\hotspot\src\share\vm\prims\jni.cpp, line 1613]
Event: 24.572 Thread 0x000000001b7c1000 Exception <a 'java/lang/NoSuchMethodError': <clinit>> (0x00000000e7a9a488) thrown at [D:\src\AOSP-openjdk-cygwin\jdk8u\hotspot\src\share\vm\prims\jni.cpp, line 1613]

Events (10 events):
Event: 24.646 Thread 0x000000001a4d7000 flushing nmethod 0x0000000004c70250
Event: 24.646 Thread 0x000000001a4d7000 flushing nmethod 0x0000000004c83d90
Event: 24.646 Thread 0x000000001a4d7000 flushing nmethod 0x0000000004cb63d0
Event: 24.646 Thread 0x000000001a4d7000 flushing nmethod 0x0000000004cbd650
Event: 24.646 Thread 0x000000001a4d7000 flushing nmethod 0x0000000004cc0d90
Event: 24.646 Thread 0x000000001a4d7000 flushing nmethod 0x0000000004cc9950
Event: 24.646 Thread 0x000000001a4d7000 flushing nmethod 0x0000000004cd6310
Event: 24.649 loading class com/sun/org/apache/xerces/internal/dom/DeferredNode
Event: 24.649 loading class com/sun/org/apache/xerces/internal/dom/DeferredNode done
Event: 24.650 loading class com/sun/org/apache/xerces/internal/dom/DocumentImpl


Dynamic libraries:
0x00007ff613410000 - 0x00007ff613441000 	C:\Program Files\Android\Android Studio\jre\bin\java.exe
0x00007ffbdd480000 - 0x00007ffbdd660000 	C:\WINDOWS\SYSTEM32\ntdll.dll
0x00007ffbdd2d0000 - 0x00007ffbdd37e000 	C:\WINDOWS\System32\KERNEL32.DLL
0x00007ffbda440000 - 0x00007ffbda6a6000 	C:\WINDOWS\System32\KERNELBASE.dll
0x00007ffbdc580000 - 0x00007ffbdc621000 	C:\WINDOWS\System32\ADVAPI32.dll
0x00007ffbdc6a0000 - 0x00007ffbdc73d000 	C:\WINDOWS\System32\msvcrt.dll
0x00007ffbda950000 - 0x00007ffbda9ab000 	C:\WINDOWS\System32\sechost.dll
0x00007ffbdcc10000 - 0x00007ffbdcd2f000 	C:\WINDOWS\System32\RPCRT4.dll
0x00007ffbdafb0000 - 0x00007ffbdb13f000 	C:\WINDOWS\System32\USER32.dll
0x00007ffbd9cd0000 - 0x00007ffbd9cf0000 	C:\WINDOWS\System32\win32u.dll
0x00007ffbdd190000 - 0x00007ffbdd1b8000 	C:\WINDOWS\System32\GDI32.dll
0x00007ffbda6b0000 - 0x00007ffbda843000 	C:\WINDOWS\System32\gdi32full.dll
0x00007ffbd9c30000 - 0x00007ffbd9ccb000 	C:\WINDOWS\System32\msvcp_win.dll
0x00007ffbda850000 - 0x00007ffbda946000 	C:\WINDOWS\System32\ucrtbase.dll
0x00007ffbd3460000 - 0x00007ffbd36c9000 	C:\WINDOWS\WinSxS\amd64_microsoft.windows.common-controls_6595b64144ccf1df_6.0.16299.431_none_15c7d3ee93659e73\COMCTL32.dll
0x00007ffbdce80000 - 0x00007ffbdd188000 	C:\WINDOWS\System32\combase.dll
0x00007ffbd9bb0000 - 0x00007ffbd9c22000 	C:\WINDOWS\System32\bcryptPrimitives.dll
0x00007ffbdc850000 - 0x00007ffbdc87d000 	C:\WINDOWS\System32\IMM32.DLL
0x0000000057800000 - 0x00000000578d2000 	C:\Program Files\Android\Android Studio\jre\jre\bin\msvcr100.dll
0x00000000568e0000 - 0x000000005711f000 	C:\Program Files\Android\Android Studio\jre\jre\bin\server\jvm.dll
0x00007ffbdc9f0000 - 0x00007ffbdc9f8000 	C:\WINDOWS\System32\PSAPI.DLL
0x00007ffbd3f30000 - 0x00007ffbd3f39000 	C:\WINDOWS\SYSTEM32\WSOCK32.dll
0x00007ffbd4670000 - 0x00007ffbd467a000 	C:\WINDOWS\SYSTEM32\VERSION.dll
0x00007ffbd79d0000 - 0x00007ffbd79f3000 	C:\WINDOWS\SYSTEM32\WINMM.dll
0x00007ffbdca00000 - 0x00007ffbdca6c000 	C:\WINDOWS\System32\WS2_32.dll
0x00007ffbd7970000 - 0x00007ffbd799a000 	C:\WINDOWS\SYSTEM32\WINMMBASE.dll
0x00007ffbd9ab0000 - 0x00007ffbd9afa000 	C:\WINDOWS\System32\cfgmgr32.dll
0x00007ffbd3ca0000 - 0x00007ffbd3caf000 	C:\Program Files\Android\Android Studio\jre\jre\bin\verify.dll
0x00007ffbd32e0000 - 0x00007ffbd3309000 	C:\Program Files\Android\Android Studio\jre\jre\bin\java.dll
0x00007ffbd2320000 - 0x00007ffbd2336000 	C:\Program Files\Android\Android Studio\jre\jre\bin\zip.dll
0x00007ffbdb140000 - 0x00007ffbdc578000 	C:\WINDOWS\System32\SHELL32.dll
0x00007ffbdc740000 - 0x00007ffbdc7e6000 	C:\WINDOWS\System32\shcore.dll
0x00007ffbd9cf0000 - 0x00007ffbda437000 	C:\WINDOWS\System32\windows.storage.dll
0x00007ffbdc7f0000 - 0x00007ffbdc841000 	C:\WINDOWS\System32\shlwapi.dll
0x00007ffbd9860000 - 0x00007ffbd9871000 	C:\WINDOWS\System32\kernel.appcore.dll
0x00007ffbd9810000 - 0x00007ffbd985c000 	C:\WINDOWS\System32\powrprof.dll
0x00007ffbd97d0000 - 0x00007ffbd97eb000 	C:\WINDOWS\System32\profapi.dll
0x00007ffbd2300000 - 0x00007ffbd231a000 	C:\Program Files\Android\Android Studio\jre\jre\bin\net.dll
0x00007ffbd9000000 - 0x00007ffbd9066000 	C:\WINDOWS\system32\mswsock.dll
0x00007ffbcfd20000 - 0x00007ffbcfd31000 	C:\Program Files\Android\Android Studio\jre\jre\bin\nio.dll
0x00007ffbd2340000 - 0x00007ffbd235e000 	C:\Users\Nahim\.gradle\native\25\windows-amd64\native-platform.dll
0x00007ffbd32d0000 - 0x00007ffbd32dd000 	C:\Program Files\Android\Android Studio\jre\jre\bin\management.dll
0x00007ffbd91d0000 - 0x00007ffbd91e7000 	C:\WINDOWS\SYSTEM32\CRYPTSP.dll
0x00007ffbd8c00000 - 0x00007ffbd8c33000 	C:\WINDOWS\system32\rsaenh.dll
0x00007ffbd92d0000 - 0x00007ffbd92f5000 	C:\WINDOWS\SYSTEM32\bcrypt.dll
0x00007ffbd9700000 - 0x00007ffbd9729000 	C:\WINDOWS\SYSTEM32\USERENV.dll
0x00007ffbd91c0000 - 0x00007ffbd91cb000 	C:\WINDOWS\SYSTEM32\CRYPTBASE.dll
0x00007ffbd8d90000 - 0x00007ffbd8dc9000 	C:\WINDOWS\SYSTEM32\IPHLPAPI.DLL
0x00007ffbdae00000 - 0x00007ffbdae08000 	C:\WINDOWS\System32\NSI.dll
0x00007ffbd2f90000 - 0x00007ffbd2fa6000 	C:\WINDOWS\SYSTEM32\dhcpcsvc6.DLL
0x00007ffbd2ed0000 - 0x00007ffbd2eea000 	C:\WINDOWS\SYSTEM32\dhcpcsvc.DLL

VM Arguments:
jvm_args: -Xmx1536m -Dfile.encoding=windows-1252 -Duser.country=MX -Duser.language=es -Duser.variant 
java_command: org.gradle.launcher.daemon.bootstrap.GradleDaemon 4.4
java_class_path (initial): C:\Users\Nahim\.gradle\wrapper\dists\gradle-4.4-all\9br9xq1tocpiv8o6njlyu5op1\gradle-4.4\lib\gradle-launcher-4.4.jar
Launcher Type: SUN_STANDARD

Environment Variables:
PATH=C:\ProgramData\Oracle\Java\javapath;C:\WINDOWS\system32;C:\WINDOWS;C:\WINDOWS\System32\Wbem;C:\WINDOWS\System32\WindowsPowerShell\v1.0\;C:\Program Files\Git\cmd;C:\Program Files (x86)\Brackets\command;C:\wamp64\bin\php\php7.0.10;C:\ProgramData\ComposerSetup\bin;C:\Program Files\PuTTY\;C:\Program Files\dotnet\;C:\Program Files\Microsoft SQL Server\130\Tools\Binn\;C:\Program Files (x86)\Microsoft SQL Server\140\Tools\Binn\;C:\Program Files\Microsoft SQL Server\140\Tools\Binn\;C:\Program Files (x86)\Microsoft SQL Server\140\DTS\Binn\;C:\Program Files\Microsoft SQL Server\140\DTS\Binn\;C:\Program Files\Microsoft SQL Server\Client SDK\ODBC\130\Tools\Binn\;C:\Program Files (x86)\Microsoft SQL Server\Client SDK\ODBC\130\Tools\Binn\;C:\Program Files (x86)\Microsoft SQL Server\140\Tools\Binn\ManagementStudio\;C:\Users\Nahim\AppData\Local\Microsoft\WindowsApps;C:\Users\Nahim\AppData\Roaming\Composer\vendor\bin
USERNAME=Nahim
OS=Windows_NT
PROCESSOR_IDENTIFIER=Intel64 Family 6 Model 58 Stepping 9, GenuineIntel



---------------  S Y S T E M  ---------------

OS: Windows 10.0 , 64 bit Build 16299 (10.0.16299.431)

CPU:total 8 (initial active 8) (4 cores per cpu, 2 threads per core) family 6 model 58 stepping 9, cmov, cx8, fxsr, mmx, sse, sse2, sse3, ssse3, sse4.1, sse4.2, popcnt, avx, aes, clmul, erms, ht, tsc, tscinvbit, tscinv

Memory: 4k page, physical 8271472k(1365468k free), swap 10368624k(7772k free)

vm_info: OpenJDK 64-Bit Server VM (25.152-b02) for windows-amd64 JRE (1.8.0_152-release-1024-b02), built by "builder" with MS VC++ 10.0 (VS2010)

time: Wed May 23 12:05:42 2018
elapsed time: 24 seconds (0d 0h 0m 24s)

