#
# There is insufficient memory for the Java Runtime Environment to continue.
# Native memory allocation (malloc) failed to allocate 1071456 bytes for Chunk::new
# Possible reasons:
#   The system is out of physical RAM or swap space
#   In 32 bit mode, the process size limit was hit
# Possible solutions:
#   Reduce memory load on the system
#   Increase physical memory or swap space
#   Check if swap backing store is full
#   Use 64 bit Java on a 64 bit OS
#   Decrease Java heap size (-Xmx/-Xms)
#   Decrease number of Java threads
#   Decrease Java thread stack sizes (-Xss)
#   Set larger code cache with -XX:ReservedCodeCacheSize=
# This output file may be truncated or incomplete.
#
#  Out of Memory Error (allocation.cpp:390), pid=11940, tid=0x0000000000002f90
#
# JRE version: OpenJDK Runtime Environment (8.0_152-b02) (build 1.8.0_152-release-1024-b02)
# Java VM: OpenJDK 64-Bit Server VM (25.152-b02 mixed mode windows-amd64 compressed oops)
# Failed to write core dump. Minidumps are not enabled by default on client versions of Windows
#

---------------  T H R E A D  ---------------

Current thread (0x000000001ad0e800):  JavaThread "C2 CompilerThread0" daemon [_thread_in_native, id=12176, stack(0x000000001b4f0000,0x000000001b5f0000)]

Stack: [0x000000001b4f0000,0x000000001b5f0000]
[error occurred during error reporting (printing stack bounds), id 0xc0000005]

Native frames: (J=compiled Java code, j=interpreted, Vv=VM code, C=native code)


Current CompileTask:
C2:2156254 23076 %     4       com.android.tools.r8.ir.regalloc.LinearScanRegisterAllocator::computeLiveRanges @ 257 (706 bytes)


---------------  P R O C E S S  ---------------

Java Threads: ( => current thread )
  0x000000001ed0c800 JavaThread "pool-92-thread-2" [_thread_in_native, id=11268, stack(0x000000004b1e0000,0x000000004b2e0000)]
  0x000000001ed10000 JavaThread "pool-92-thread-1" [_thread_in_native, id=13048, stack(0x000000004b0e0000,0x000000004b1e0000)]
  0x000000001f2ef000 JavaThread "pool-89-thread-2" [_thread_in_native, id=1952, stack(0x000000004abe0000,0x000000004ace0000)]
  0x000000001f2eb800 JavaThread "pool-89-thread-1" [_thread_blocked, id=11148, stack(0x000000004aae0000,0x000000004abe0000)]
  0x000000001ed19000 JavaThread "pool-87-thread-2" [_thread_in_native, id=13256, stack(0x000000004a7e0000,0x000000004a8e0000)]
  0x000000001ed18800 JavaThread "pool-87-thread-1" [_thread_in_native, id=10468, stack(0x000000004a6e0000,0x000000004a7e0000)]
  0x00000000200bf000 JavaThread "pool-82-thread-2" [_thread_blocked, id=11772, stack(0x0000000049de0000,0x0000000049ee0000)]
  0x00000000200b0800 JavaThread "pool-82-thread-1" [_thread_in_native, id=11640, stack(0x0000000049ce0000,0x0000000049de0000)]
  0x00000000200b6800 JavaThread "ForkJoinPool.commonPool-worker-3" daemon [_thread_in_native, id=10940, stack(0x0000000040be0000,0x0000000040ce0000)]
  0x000000001f1f3000 JavaThread "ForkJoinPool.commonPool-worker-1" daemon [_thread_in_native, id=10160, stack(0x00000000408e0000,0x00000000409e0000)]
  0x000000001f1f2800 JavaThread "ForkJoinPool.commonPool-worker-0" daemon [_thread_blocked, id=6296, stack(0x00000000407e0000,0x00000000408e0000)]
  0x000000001f1f6000 JavaThread "ForkJoinPool.commonPool-worker-7" daemon [_thread_in_native, id=6376, stack(0x00000000406e0000,0x00000000407e0000)]
  0x000000001f1ef800 JavaThread "ForkJoinPool.commonPool-worker-6" daemon [_thread_blocked, id=6636, stack(0x00000000405e0000,0x00000000406e0000)]
  0x000000001f1f5800 JavaThread "ForkJoinPool.commonPool-worker-5" daemon [_thread_blocked, id=11372, stack(0x00000000404e0000,0x00000000405e0000)]
  0x000000001ed17000 JavaThread "ForkJoinPool.commonPool-worker-4" daemon [_thread_blocked, id=11408, stack(0x000000003e9e0000,0x000000003eae0000)]
  0x000000001ed1a000 JavaThread "Cache worker for Java compile cache (C:\Users\Nahim\Documents\ProyectosAndroidStudio\DAM-3\MuleApp\.gradle\4.4\javaCompile)" [_thread_blocked, id=10980, stack(0x000000003e8e0000,0x000000003e9e0000)]
  0x00000000200b6000 JavaThread "Task worker for ':' Thread 7" [_thread_blocked, id=2260, stack(0x000000003b5e0000,0x000000003b6e0000)]
  0x00000000200b5000 JavaThread "Task worker for ':' Thread 6" [_thread_blocked, id=12920, stack(0x000000003b4e0000,0x000000003b5e0000)]
  0x0000000027c49800 JavaThread "Task worker for ':' Thread 5" [_thread_blocked, id=6464, stack(0x000000003b3e0000,0x000000003b4e0000)]
  0x0000000027c48000 JavaThread "Task worker for ':' Thread 4" [_thread_blocked, id=4152, stack(0x000000003b2e0000,0x000000003b3e0000)]
  0x0000000027c47800 JavaThread "Task worker for ':' Thread 3" [_thread_blocked, id=996, stack(0x000000003b1e0000,0x000000003b2e0000)]
  0x0000000027c46800 JavaThread "Task worker for ':' Thread 2" [_thread_blocked, id=1260, stack(0x000000003b0e0000,0x000000003b1e0000)]
  0x0000000027c49000 JavaThread "Task worker for ':'" [_thread_blocked, id=8396, stack(0x000000003afe0000,0x000000003b0e0000)]
  0x0000000027c46000 JavaThread "Cache worker for Build Output Cleanup Cache (C:\Users\Nahim\Documents\ProyectosAndroidStudio\DAM-3\MuleApp\.gradle\buildOutputCleanup)" [_thread_blocked, id=5920, stack(0x000000003aee0000,0x000000003afe0000)]
  0x0000000027c3e800 JavaThread "Cache worker for task history cache (C:\Users\Nahim\Documents\ProyectosAndroidStudio\DAM-3\MuleApp\.gradle\4.4\taskHistory)" [_thread_blocked, id=6436, stack(0x000000003ade0000,0x000000003aee0000)]
  0x0000000027c45000 JavaThread "Cache worker for file content cache (C:\Users\Nahim\Documents\ProyectosAndroidStudio\DAM-3\MuleApp\.gradle\4.4\fileContent)" [_thread_blocked, id=1084, stack(0x000000003ace0000,0x000000003ade0000)]
  0x0000000027c44800 JavaThread "build operations Thread 8" [_thread_blocked, id=6484, stack(0x000000003abe0000,0x000000003ace0000)]
  0x0000000027c43000 JavaThread "build operations Thread 7" [_thread_blocked, id=6516, stack(0x000000003aae0000,0x000000003abe0000)]
  0x0000000027c40000 JavaThread "build operations Thread 6" [_thread_blocked, id=6084, stack(0x000000003a9e0000,0x000000003aae0000)]
  0x0000000027c3b800 JavaThread "build operations Thread 5" [_thread_blocked, id=540, stack(0x000000003a8e0000,0x000000003a9e0000)]
  0x0000000027c3f000 JavaThread "build operations Thread 4" [_thread_blocked, id=5384, stack(0x000000003a7e0000,0x000000003a8e0000)]
  0x0000000027c42000 JavaThread "build operations Thread 3" [_thread_blocked, id=5800, stack(0x000000003a6e0000,0x000000003a7e0000)]
  0x0000000027c3d800 JavaThread "build operations Thread 2" [_thread_blocked, id=9636, stack(0x000000003a5e0000,0x000000003a6e0000)]
  0x0000000027c41800 JavaThread "build operations" [_thread_blocked, id=8680, stack(0x000000003a4e0000,0x000000003a5e0000)]
  0x0000000027c3a800 JavaThread "Cache worker for Artifact transforms cache (C:\Users\Nahim\.gradle\caches\transforms-1)" [_thread_blocked, id=9824, stack(0x000000003a3e0000,0x000000003a4e0000)]
  0x0000000027c3d000 JavaThread "Cache worker for file hash cache (C:\Users\Nahim\Documents\ProyectosAndroidStudio\DAM-3\MuleApp\.gradle\4.4\fileHashes)" [_thread_blocked, id=9524, stack(0x000000003a2e0000,0x000000003a3e0000)]
  0x000000001cda4000 JavaThread "Asynchronous log dispatcher for DefaultDaemonConnection: socket connection from /127.0.0.1:64469 to /127.0.0.1:51411" [_thread_blocked, id=9348, stack(0x000000003a0e0000,0x000000003a1e0000)]
  0x000000001cda1800 JavaThread "Daemon worker Thread 6" [_thread_blocked, id=5472, stack(0x0000000039fe0000,0x000000003a0e0000)]
  0x000000001cd9f800 JavaThread "Cancel handler" [_thread_blocked, id=3140, stack(0x0000000039ee0000,0x0000000039fe0000)]
  0x000000001cda5800 JavaThread "Handler for socket connection from /127.0.0.1:64469 to /127.0.0.1:51411" [_thread_in_native, id=10936, stack(0x0000000039de0000,0x0000000039ee0000)]
  0x000000001cda0000 JavaThread "Daemon Thread 6" [_thread_blocked, id=3164, stack(0x0000000039ce0000,0x0000000039de0000)]
  0x00000000200b2000 JavaThread "Java2D Disposer" daemon [_thread_blocked, id=2264, stack(0x000000002abe0000,0x000000002ace0000)]
  0x000000001f2ea000 JavaThread "Memory manager" [_thread_blocked, id=9292, stack(0x0000000024be0000,0x0000000024ce0000)]
  0x000000001f2e9000 JavaThread "pool-1-thread-1" [_thread_blocked, id=10588, stack(0x00000000248e0000,0x00000000249e0000)]
  0x000000001ce14800 JavaThread "File lock request listener" [_thread_in_native, id=4436, stack(0x000000001f730000,0x000000001f830000)]
  0x000000001cf7d000 JavaThread "Cache worker for file hash cache (C:\Users\Nahim\.gradle\caches\4.4\fileHashes)" [_thread_blocked, id=8916, stack(0x000000001f630000,0x000000001f730000)]
  0x000000001cc12000 JavaThread "Daemon periodic checks" [_thread_blocked, id=8716, stack(0x000000001da60000,0x000000001db60000)]
  0x000000001cc0e800 JavaThread "Incoming local TCP Connector on port 64469" [_thread_in_native, id=5432, stack(0x000000001d800000,0x000000001d900000)]
  0x000000001adb0000 JavaThread "Service Thread" daemon [_thread_blocked, id=7536, stack(0x000000001b8f0000,0x000000001b9f0000)]
  0x0000000018e2a000 JavaThread "C1 CompilerThread3" daemon [_thread_blocked, id=10040, stack(0x000000001b7f0000,0x000000001b8f0000)]
  0x000000001ad14000 JavaThread "C2 CompilerThread2" daemon [_thread_in_native, id=6056, stack(0x000000001b6f0000,0x000000001b7f0000)]
  0x000000001ad10800 JavaThread "C2 CompilerThread1" daemon [_thread_in_native, id=6028, stack(0x000000001b5f0000,0x000000001b6f0000)]
=>0x000000001ad0e800 JavaThread "C2 CompilerThread0" daemon [_thread_in_native, id=12176, stack(0x000000001b4f0000,0x000000001b5f0000)]
  0x000000001ad0c000 JavaThread "Attach Listener" daemon [_thread_blocked, id=9384, stack(0x000000001b3f0000,0x000000001b4f0000)]
  0x000000001ad0b000 JavaThread "Signal Dispatcher" daemon [_thread_blocked, id=8416, stack(0x000000001b2f0000,0x000000001b3f0000)]
  0x000000000505e800 JavaThread "Finalizer" daemon [_thread_blocked, id=12116, stack(0x000000001b0e0000,0x000000001b1e0000)]
  0x0000000018e1b800 JavaThread "Reference Handler" daemon [_thread_blocked, id=8268, stack(0x000000001abe0000,0x000000001ace0000)]
  0x0000000004f5d800 JavaThread "main" [_thread_blocked, id=9780, stack(0x0000000004d70000,0x0000000004e70000)]

Other Threads:
  0x0000000018e15800 VMThread [stack: 0x000000001aae0000,0x000000001abe0000] [id=1816]
  0x000000001adb1000 WatcherThread [stack: 0x000000001b9f0000,0x000000001baf0000] [id=12560]

VM state:not at safepoint (normal execution)

VM Mutex/Monitor currently owned by a thread: None

Heap:
 PSYoungGen      total 326144K, used 145168K [0x00000000e0000000, 0x00000000f7700000, 0x0000000100000000)
  eden space 271360K, 51% used [0x00000000e0000000,0x00000000e8800f28,0x00000000f0900000)
  from space 54784K, 10% used [0x00000000f4180000,0x00000000f4743288,0x00000000f7700000)
  to   space 56320K, 0% used [0x00000000f0900000,0x00000000f0900000,0x00000000f4000000)
 ParOldGen       total 173056K, used 57102K [0x00000000a0000000, 0x00000000aa900000, 0x00000000e0000000)
  object space 173056K, 32% used [0x00000000a0000000,0x00000000a37c3b08,0x00000000aa900000)
 Metaspace       used 92901K, capacity 97524K, committed 99928K, reserved 1136640K
  class space    used 11557K, capacity 12558K, committed 13184K, reserved 1048576K

Card table byte_map: [0x0000000014420000,0x0000000014730000] byte_map_base: 0x0000000013f20000

Marking Bits: (ParMarkBitMap*) 0x0000000056804970
 Begin Bits: [0x0000000015130000, 0x0000000016930000)
 End Bits:   [0x0000000016930000, 0x0000000018130000)

Polling page: 0x0000000004d10000

CodeCache: size=245760Kb used=63334Kb max_used=63348Kb free=182426Kb
 bounds [0x0000000005060000, 0x0000000008ea0000, 0x0000000014060000]
 total_blobs=19299 nmethods=18308 adapters=900
 compilation: enabled

Compilation events (10 events):
Event: 2155.749 Thread 0x0000000018e2a000 23352   !   2       java.util.concurrent.ConcurrentHashMap::transfer (832 bytes)
Event: 2155.753 Thread 0x0000000018e2a000 nmethod 23352 0x00000000088484d0 code [0x00000000088486e0, 0x0000000008849a28]
Event: 2155.753 Thread 0x0000000018e2a000 23353   !   3       java.util.concurrent.ConcurrentHashMap::computeIfAbsent (493 bytes)
Event: 2155.756 Thread 0x0000000018e2a000 nmethod 23353 0x0000000007d55d90 code [0x0000000007d560c0, 0x0000000007d582d8]
Event: 2155.756 Thread 0x0000000018e2a000 23354   !   2       java.lang.ThreadGroup::threadTerminated (63 bytes)
Event: 2155.757 Thread 0x0000000018e2a000 nmethod 23354 0x0000000008572c50 code [0x0000000008572dc0, 0x0000000008573148]
Event: 2155.757 Thread 0x0000000018e2a000 23356       2       com.android.tools.r8.com.google.common.collect.ObjectArrays::concat (31 bytes)
Event: 2155.757 Thread 0x0000000018e2a000 nmethod 23356 0x000000000880e050 code [0x000000000880e1e0, 0x000000000880e648]
Event: 2155.795 Thread 0x0000000018e2a000 23357       2       com.android.tools.r8.graph.DexEncodedArray::equals (37 bytes)
Event: 2155.796 Thread 0x0000000018e2a000 nmethod 23357 0x000000000880db90 code [0x000000000880dd00, 0x000000000880df28]

GC Heap History (10 events):
Event: 2152.546 GC heap before
{Heap before GC invocations=42 (full 4):
 PSYoungGen      total 237568K, used 11256K [0x00000000e0000000, 0x00000000f4b80000, 0x0000000100000000)
  eden space 181248K, 0% used [0x00000000e0000000,0x00000000e00e9b30,0x00000000eb100000)
  from space 56320K, 18% used [0x00000000eb100000,0x00000000ebb14790,0x00000000ee800000)
  to   space 57344K, 0% used [0x00000000f1380000,0x00000000f1380000,0x00000000f4b80000)
 ParOldGen       total 173056K, used 54946K [0x00000000a0000000, 0x00000000aa900000, 0x00000000e0000000)
  object space 173056K, 31% used [0x00000000a0000000,0x00000000a35a8ad8,0x00000000aa900000)
 Metaspace       used 91604K, capacity 96166K, committed 98792K, reserved 1134592K
  class space    used 11432K, capacity 12395K, committed 13184K, reserved 1048576K
Event: 2152.558 GC heap after
Heap after GC invocations=42 (full 4):
 PSYoungGen      total 281600K, used 10245K [0x00000000e0000000, 0x00000000f4e00000, 0x0000000100000000)
  eden space 224256K, 0% used [0x00000000e0000000,0x00000000e0000000,0x00000000edb00000)
  from space 57344K, 17% used [0x00000000f1380000,0x00000000f1d81478,0x00000000f4b80000)
  to   space 57856K, 0% used [0x00000000edb00000,0x00000000edb00000,0x00000000f1380000)
 ParOldGen       total 173056K, used 54946K [0x00000000a0000000, 0x00000000aa900000, 0x00000000e0000000)
  object space 173056K, 31% used [0x00000000a0000000,0x00000000a35a8ad8,0x00000000aa900000)
 Metaspace       used 91604K, capacity 96166K, committed 98792K, reserved 1134592K
  class space    used 11432K, capacity 12395K, committed 13184K, reserved 1048576K
}
Event: 2153.017 GC heap before
{Heap before GC invocations=43 (full 4):
 PSYoungGen      total 281600K, used 234501K [0x00000000e0000000, 0x00000000f4e00000, 0x0000000100000000)
  eden space 224256K, 100% used [0x00000000e0000000,0x00000000edb00000,0x00000000edb00000)
  from space 57344K, 17% used [0x00000000f1380000,0x00000000f1d81478,0x00000000f4b80000)
  to   space 57856K, 0% used [0x00000000edb00000,0x00000000edb00000,0x00000000f1380000)
 ParOldGen       total 173056K, used 54946K [0x00000000a0000000, 0x00000000aa900000, 0x00000000e0000000)
  object space 173056K, 31% used [0x00000000a0000000,0x00000000a35a8ad8,0x00000000aa900000)
 Metaspace       used 91917K, capacity 96488K, committed 99048K, reserved 1134592K
  class space    used 11474K, capacity 12460K, committed 13184K, reserved 1048576K
Event: 2153.026 GC heap after
Heap after GC invocations=43 (full 4):
 PSYoungGen      total 282112K, used 11736K [0x00000000e0000000, 0x00000000f4e00000, 0x0000000100000000)
  eden space 224256K, 0% used [0x00000000e0000000,0x00000000e0000000,0x00000000edb00000)
  from space 57856K, 20% used [0x00000000edb00000,0x00000000ee6763c0,0x00000000f1380000)
  to   space 57344K, 0% used [0x00000000f1380000,0x00000000f1380000,0x00000000f4b80000)
 ParOldGen       total 173056K, used 54946K [0x00000000a0000000, 0x00000000aa900000, 0x00000000e0000000)
  object space 173056K, 31% used [0x00000000a0000000,0x00000000a35a8ad8,0x00000000aa900000)
 Metaspace       used 91917K, capacity 96488K, committed 99048K, reserved 1134592K
  class space    used 11474K, capacity 12460K, committed 13184K, reserved 1048576K
}
Event: 2153.617 GC heap before
{Heap before GC invocations=44 (full 4):
 PSYoungGen      total 282112K, used 235992K [0x00000000e0000000, 0x00000000f4e00000, 0x0000000100000000)
  eden space 224256K, 100% used [0x00000000e0000000,0x00000000edb00000,0x00000000edb00000)
  from space 57856K, 20% used [0x00000000edb00000,0x00000000ee6763c0,0x00000000f1380000)
  to   space 57344K, 0% used [0x00000000f1380000,0x00000000f1380000,0x00000000f4b80000)
 ParOldGen       total 173056K, used 54946K [0x00000000a0000000, 0x00000000aa900000, 0x00000000e0000000)
  object space 173056K, 31% used [0x00000000a0000000,0x00000000a35a8ad8,0x00000000aa900000)
 Metaspace       used 92172K, capacity 96776K, committed 99416K, reserved 1136640K
  class space    used 11475K, capacity 12460K, committed 13184K, reserved 1048576K
Event: 2153.622 GC heap after
Heap after GC invocations=44 (full 4):
 PSYoungGen      total 281600K, used 6112K [0x00000000e0000000, 0x00000000f4e00000, 0x0000000100000000)
  eden space 224256K, 0% used [0x00000000e0000000,0x00000000e0000000,0x00000000edb00000)
  from space 57344K, 10% used [0x00000000f1380000,0x00000000f1978218,0x00000000f4b80000)
  to   space 57856K, 0% used [0x00000000edb00000,0x00000000edb00000,0x00000000f1380000)
 ParOldGen       total 173056K, used 54954K [0x00000000a0000000, 0x00000000aa900000, 0x00000000e0000000)
  object space 173056K, 31% used [0x00000000a0000000,0x00000000a35aaad8,0x00000000aa900000)
 Metaspace       used 92172K, capacity 96776K, committed 99416K, reserved 1136640K
  class space    used 11475K, capacity 12460K, committed 13184K, reserved 1048576K
}
Event: 2154.367 GC heap before
{Heap before GC invocations=45 (full 4):
 PSYoungGen      total 281600K, used 230368K [0x00000000e0000000, 0x00000000f4e00000, 0x0000000100000000)
  eden space 224256K, 100% used [0x00000000e0000000,0x00000000edb00000,0x00000000edb00000)
  from space 57344K, 10% used [0x00000000f1380000,0x00000000f1978218,0x00000000f4b80000)
  to   space 57856K, 0% used [0x00000000edb00000,0x00000000edb00000,0x00000000f1380000)
 ParOldGen       total 173056K, used 54954K [0x00000000a0000000, 0x00000000aa900000, 0x00000000e0000000)
  object space 173056K, 31% used [0x00000000a0000000,0x00000000a35aaad8,0x00000000aa900000)
 Metaspace       used 92302K, capacity 96852K, committed 99416K, reserved 1136640K
  class space    used 11475K, capacity 12460K, committed 13184K, reserved 1048576K
Event: 2154.376 GC heap after
Heap after GC invocations=45 (full 4):
 PSYoungGen      total 282112K, used 5320K [0x00000000e0000000, 0x00000000f7980000, 0x0000000100000000)
  eden space 224256K, 0% used [0x00000000e0000000,0x00000000e0000000,0x00000000edb00000)
  from space 57856K, 9% used [0x00000000edb00000,0x00000000ee032170,0x00000000f1380000)
  to   space 57344K, 0% used [0x00000000f4180000,0x00000000f4180000,0x00000000f7980000)
 ParOldGen       total 173056K, used 54962K [0x00000000a0000000, 0x00000000aa900000, 0x00000000e0000000)
  object space 173056K, 31% used [0x00000000a0000000,0x00000000a35acad8,0x00000000aa900000)
 Metaspace       used 92302K, capacity 96852K, committed 99416K, reserved 1136640K
  class space    used 11475K, capacity 12460K, committed 13184K, reserved 1048576K
}
Event: 2154.720 GC heap before
{Heap before GC invocations=46 (full 4):
 PSYoungGen      total 282112K, used 229576K [0x00000000e0000000, 0x00000000f7980000, 0x0000000100000000)
  eden space 224256K, 100% used [0x00000000e0000000,0x00000000edb00000,0x00000000edb00000)
  from space 57856K, 9% used [0x00000000edb00000,0x00000000ee032170,0x00000000f1380000)
  to   space 57344K, 0% used [0x00000000f4180000,0x00000000f4180000,0x00000000f7980000)
 ParOldGen       total 173056K, used 54962K [0x00000000a0000000, 0x00000000aa900000, 0x00000000e0000000)
  object space 173056K, 31% used [0x00000000a0000000,0x00000000a35acad8,0x00000000aa900000)
 Metaspace       used 92405K, capacity 96986K, committed 99416K, reserved 1136640K
  class space    used 11479K, capacity 12461K, committed 13184K, reserved 1048576K
Event: 2154.732 GC heap after
Heap after GC invocations=46 (full 4):
 PSYoungGen      total 326144K, used 5900K [0x00000000e0000000, 0x00000000f7700000, 0x0000000100000000)
  eden space 271360K, 0% used [0x00000000e0000000,0x00000000e0000000,0x00000000f0900000)
  from space 54784K, 10% used [0x00000000f4180000,0x00000000f4743288,0x00000000f7700000)
  to   space 56320K, 0% used [0x00000000f0900000,0x00000000f0900000,0x00000000f4000000)
 ParOldGen       total 173056K, used 57102K [0x00000000a0000000, 0x00000000aa900000, 0x00000000e0000000)
  object space 173056K, 32% used [0x00000000a0000000,0x00000000a37c3b08,0x00000000aa900000)
 Metaspace       used 92405K, capacity 96986K, committed 99416K, reserved 1136640K
  class space    used 11479K, capacity 12461K, committed 13184K, reserved 1048576K
}

Deoptimization events (10 events):
Event: 2154.981 Thread 0x00000000200bf000 Uncommon trap: reason=null_assert action=make_not_entrant pc=0x000000000517a1b4 method=com.android.tools.r8.ir.code.Value.numberOfDebugUsers()I @ 4
Event: 2155.035 Thread 0x00000000200b7800 Uncommon trap: reason=class_check action=maybe_recompile pc=0x0000000008990494 method=com.android.tools.r8.utils.InternalOptions.isGeneratingDexIndexed()Z @ 4
Event: 2155.036 Thread 0x00000000200b4800 Uncommon trap: reason=class_check action=maybe_recompile pc=0x0000000008990494 method=com.android.tools.r8.utils.InternalOptions.isGeneratingDexIndexed()Z @ 4
Event: 2155.036 Thread 0x00000000200b7800 Uncommon trap: reason=class_check action=maybe_recompile pc=0x0000000008990494 method=com.android.tools.r8.utils.InternalOptions.isGeneratingDexIndexed()Z @ 4
Event: 2155.036 Thread 0x00000000200b4800 Uncommon trap: reason=class_check action=maybe_recompile pc=0x0000000008990494 method=com.android.tools.r8.utils.InternalOptions.isGeneratingDexIndexed()Z @ 4
Event: 2155.044 Thread 0x000000001ed1a800 Uncommon trap: reason=bimorphic action=maybe_recompile pc=0x0000000008570b7c method=com.android.tools.r8.com.google.common.collect.AbstractIndexedListIterator.next()Ljava/lang/Object; @ 27
Event: 2155.054 Thread 0x00000000200b8000 Uncommon trap: reason=bimorphic action=maybe_recompile pc=0x0000000008570b7c method=com.android.tools.r8.com.google.common.collect.AbstractIndexedListIterator.next()Ljava/lang/Object; @ 27
Event: 2155.055 Thread 0x00000000200b8000 Uncommon trap: reason=bimorphic action=maybe_recompile pc=0x0000000008570b7c method=com.android.tools.r8.com.google.common.collect.AbstractIndexedListIterator.next()Ljava/lang/Object; @ 27
Event: 2155.172 Thread 0x000000001ed18800 Uncommon trap: reason=unstable_if action=reinterpret pc=0x0000000005f3675c method=java.lang.ref.SoftReference.get()Ljava/lang/Object; @ 6
Event: 2155.681 Thread 0x000000001ed19000 Uncommon trap: reason=unstable_if action=reinterpret pc=0x0000000007ccd2d8 method=java.util.concurrent.ConcurrentHashMap.computeIfAbsent(Ljava/lang/Object;Ljava/util/function/Function;)Ljava/lang/Object; @ 456

Classes redefined (0 events):
No events

Internal exceptions (10 events):
Event: 2155.771 Thread 0x000000001f2f0000 Exception <a 'sun/nio/fs/WindowsException'> (0x00000000e8347f30) thrown at [D:\src\AOSP-openjdk-cygwin\jdk8u\hotspot\src\share\vm\prims\jni.cpp, line 709]
Event: 2155.771 Thread 0x000000001f2ec000 Exception <a 'sun/nio/fs/WindowsException'> (0x00000000e8351390) thrown at [D:\src\AOSP-openjdk-cygwin\jdk8u\hotspot\src\share\vm\prims\jni.cpp, line 709]
Event: 2155.771 Thread 0x000000001f2f0000 Exception <a 'sun/nio/fs/WindowsException'> (0x00000000e83487f0) thrown at [D:\src\AOSP-openjdk-cygwin\jdk8u\hotspot\src\share\vm\prims\jni.cpp, line 709]
Event: 2155.771 Thread 0x000000001f2f0000 Exception <a 'sun/nio/fs/WindowsException'> (0x00000000e8348ca8) thrown at [D:\src\AOSP-openjdk-cygwin\jdk8u\hotspot\src\share\vm\prims\jni.cpp, line 709]
Event: 2155.771 Thread 0x000000001f2f0000 Exception <a 'sun/nio/fs/WindowsException'> (0x00000000e8349548) thrown at [D:\src\AOSP-openjdk-cygwin\jdk8u\hotspot\src\share\vm\prims\jni.cpp, line 709]
Event: 2155.781 Thread 0x000000001f2ef000 Exception <a 'sun/nio/fs/WindowsException'> (0x00000000e7f75420) thrown at [D:\src\AOSP-openjdk-cygwin\jdk8u\hotspot\src\share\vm\prims\jni.cpp, line 709]
Event: 2155.781 Thread 0x00000000200b0800 Exception <a 'sun/nio/fs/WindowsException'> (0x00000000e751f398) thrown at [D:\src\AOSP-openjdk-cygwin\jdk8u\hotspot\src\share\vm\prims\jni.cpp, line 709]
Event: 2155.782 Thread 0x000000001f2ef000 Exception <a 'sun/nio/fs/WindowsException'> (0x00000000e7f76038) thrown at [D:\src\AOSP-openjdk-cygwin\jdk8u\hotspot\src\share\vm\prims\jni.cpp, line 709]
Event: 2155.795 Thread 0x000000001ed18800 Exception <a 'sun/nio/fs/WindowsException'> (0x00000000e840dee0) thrown at [D:\src\AOSP-openjdk-cygwin\jdk8u\hotspot\src\share\vm\prims\jni.cpp, line 709]
Event: 2155.796 Thread 0x000000001ed19000 Exception <a 'sun/nio/fs/WindowsException'> (0x00000000e821ed40) thrown at [D:\src\AOSP-openjdk-cygwin\jdk8u\hotspot\src\share\vm\prims\jni.cpp, line 709]

Events (10 events):
Event: 2155.751 Thread 0x000000001ed0c800 Thread exited: 0x000000001ed0c800
Event: 2155.753 Thread 0x000000001ed12800 Thread exited: 0x000000001ed12800
Event: 2155.754 Executing VM operation: RevokeBias
Event: 2155.754 Executing VM operation: RevokeBias done
Event: 2155.768 Thread 0x000000001f2f0000 Thread added: 0x000000001f2f0000
Event: 2155.768 Thread 0x000000001f2ec000 Thread added: 0x000000001f2ec000
Event: 2155.772 Thread 0x000000001ed14800 Thread exited: 0x000000001ed14800
Event: 2155.772 Thread 0x000000001ed10000 Thread exited: 0x000000001ed10000
Event: 2155.772 Thread 0x00000000200b4800 Thread exited: 0x00000000200b4800
Event: 2155.772 Thread 0x00000000200b7800 Thread exited: 0x00000000200b7800


Dynamic libraries:
0x00007ff6593b0000 - 0x00007ff6593e1000 	C:\Program Files\Android\Android Studio\jre\bin\java.exe
0x00007ffbdd480000 - 0x00007ffbdd660000 	C:\WINDOWS\SYSTEM32\ntdll.dll
0x00007ffbdd2d0000 - 0x00007ffbdd37e000 	C:\WINDOWS\System32\KERNEL32.DLL
0x00007ffbda440000 - 0x00007ffbda6a6000 	C:\WINDOWS\System32\KERNELBASE.dll
0x00007ffbdc580000 - 0x00007ffbdc621000 	C:\WINDOWS\System32\ADVAPI32.dll
0x00007ffbdc6a0000 - 0x00007ffbdc73d000 	C:\WINDOWS\System32\msvcrt.dll
0x00007ffbda950000 - 0x00007ffbda9ab000 	C:\WINDOWS\System32\sechost.dll
0x00007ffbdcc10000 - 0x00007ffbdcd2f000 	C:\WINDOWS\System32\RPCRT4.dll
0x00007ffbdafb0000 - 0x00007ffbdb13f000 	C:\WINDOWS\System32\USER32.dll
0x00007ffbd9cd0000 - 0x00007ffbd9cf0000 	C:\WINDOWS\System32\win32u.dll
0x00007ffbdd190000 - 0x00007ffbdd1b8000 	C:\WINDOWS\System32\GDI32.dll
0x00007ffbda6b0000 - 0x00007ffbda843000 	C:\WINDOWS\System32\gdi32full.dll
0x00007ffbd9c30000 - 0x00007ffbd9ccb000 	C:\WINDOWS\System32\msvcp_win.dll
0x00007ffbda850000 - 0x00007ffbda946000 	C:\WINDOWS\System32\ucrtbase.dll
0x00007ffbd3460000 - 0x00007ffbd36c9000 	C:\WINDOWS\WinSxS\amd64_microsoft.windows.common-controls_6595b64144ccf1df_6.0.16299.431_none_15c7d3ee93659e73\COMCTL32.dll
0x00007ffbdce80000 - 0x00007ffbdd188000 	C:\WINDOWS\System32\combase.dll
0x00007ffbd9bb0000 - 0x00007ffbd9c22000 	C:\WINDOWS\System32\bcryptPrimitives.dll
0x00007ffbdc850000 - 0x00007ffbdc87d000 	C:\WINDOWS\System32\IMM32.DLL
0x0000000057400000 - 0x00000000574d2000 	C:\Program Files\Android\Android Studio\jre\jre\bin\msvcr100.dll
0x0000000056040000 - 0x000000005687f000 	C:\Program Files\Android\Android Studio\jre\jre\bin\server\jvm.dll
0x00007ffbdc9f0000 - 0x00007ffbdc9f8000 	C:\WINDOWS\System32\PSAPI.DLL
0x00007ffbd4670000 - 0x00007ffbd467a000 	C:\WINDOWS\SYSTEM32\VERSION.dll
0x00007ffbd79d0000 - 0x00007ffbd79f3000 	C:\WINDOWS\SYSTEM32\WINMM.dll
0x00007ffbd5ff0000 - 0x00007ffbd5ff9000 	C:\WINDOWS\SYSTEM32\WSOCK32.dll
0x00007ffbdca00000 - 0x00007ffbdca6c000 	C:\WINDOWS\System32\WS2_32.dll
0x00007ffbd7970000 - 0x00007ffbd799a000 	C:\WINDOWS\SYSTEM32\winmmbase.dll
0x00007ffbd9ab0000 - 0x00007ffbd9afa000 	C:\WINDOWS\System32\cfgmgr32.dll
0x00007ffbd40b0000 - 0x00007ffbd40bf000 	C:\Program Files\Android\Android Studio\jre\jre\bin\verify.dll
0x00007ffbd2250000 - 0x00007ffbd2279000 	C:\Program Files\Android\Android Studio\jre\jre\bin\java.dll
0x00007ffbd4090000 - 0x00007ffbd40a6000 	C:\Program Files\Android\Android Studio\jre\jre\bin\zip.dll
0x00007ffbdb140000 - 0x00007ffbdc578000 	C:\WINDOWS\System32\SHELL32.dll
0x00007ffbdc740000 - 0x00007ffbdc7e6000 	C:\WINDOWS\System32\shcore.dll
0x00007ffbd9cf0000 - 0x00007ffbda437000 	C:\WINDOWS\System32\windows.storage.dll
0x00007ffbdc7f0000 - 0x00007ffbdc841000 	C:\WINDOWS\System32\shlwapi.dll
0x00007ffbd9860000 - 0x00007ffbd9871000 	C:\WINDOWS\System32\kernel.appcore.dll
0x00007ffbd9810000 - 0x00007ffbd985c000 	C:\WINDOWS\System32\powrprof.dll
0x00007ffbd97d0000 - 0x00007ffbd97eb000 	C:\WINDOWS\System32\profapi.dll
0x00007ffbd3270000 - 0x00007ffbd328a000 	C:\Program Files\Android\Android Studio\jre\jre\bin\net.dll
0x00007ffbd9000000 - 0x00007ffbd9066000 	C:\WINDOWS\system32\mswsock.dll
0x00007ffbd3230000 - 0x00007ffbd3241000 	C:\Program Files\Android\Android Studio\jre\jre\bin\nio.dll
0x00007ffbce410000 - 0x00007ffbce42e000 	C:\Users\Nahim\.gradle\native\25\windows-amd64\native-platform.dll
0x00007ffbd3350000 - 0x00007ffbd335d000 	C:\Program Files\Android\Android Studio\jre\jre\bin\management.dll
0x00007ffbd91d0000 - 0x00007ffbd91e7000 	C:\WINDOWS\SYSTEM32\CRYPTSP.dll
0x00007ffbd8c00000 - 0x00007ffbd8c33000 	C:\WINDOWS\system32\rsaenh.dll
0x00007ffbd92d0000 - 0x00007ffbd92f5000 	C:\WINDOWS\SYSTEM32\bcrypt.dll
0x00007ffbd9700000 - 0x00007ffbd9729000 	C:\WINDOWS\SYSTEM32\USERENV.dll
0x00007ffbd91c0000 - 0x00007ffbd91cb000 	C:\WINDOWS\SYSTEM32\CRYPTBASE.dll
0x00007ffbd8d90000 - 0x00007ffbd8dc9000 	C:\WINDOWS\SYSTEM32\IPHLPAPI.DLL
0x00007ffbdae00000 - 0x00007ffbdae08000 	C:\WINDOWS\System32\NSI.dll
0x00007ffbd2f90000 - 0x00007ffbd2fa6000 	C:\WINDOWS\SYSTEM32\dhcpcsvc6.DLL
0x00007ffbd2ed0000 - 0x00007ffbd2eea000 	C:\WINDOWS\SYSTEM32\dhcpcsvc.DLL
0x00007ffbc5660000 - 0x00007ffbc5684000 	C:\Program Files\Android\Android Studio\jre\jre\bin\sunec.dll
0x00007ffbd8dd0000 - 0x00007ffbd8e86000 	C:\WINDOWS\SYSTEM32\DNSAPI.dll
0x00007ffbd1f70000 - 0x00007ffbd1f7a000 	C:\Windows\System32\rasadhlp.dll
0x00007ffbd2b50000 - 0x00007ffbd2bc0000 	C:\WINDOWS\System32\fwpuclnt.dll
0x00007ffbce3f0000 - 0x00007ffbce3fb000 	C:\Program Files\Android\Android Studio\jre\jre\bin\sunmscapi.dll
0x00007ffbd9880000 - 0x00007ffbd9a4e000 	C:\WINDOWS\System32\CRYPT32.dll
0x00007ffbd97f0000 - 0x00007ffbd9802000 	C:\WINDOWS\System32\MSASN1.dll
0x00007ffbaecb0000 - 0x00007ffbaee46000 	C:\Program Files\Android\Android Studio\jre\jre\bin\awt.dll
0x00007ffbdd380000 - 0x00007ffbdd445000 	C:\WINDOWS\System32\OLEAUT32.dll
0x00007ffbd6af0000 - 0x00007ffbd70a8000 	C:\WINDOWS\SYSTEM32\d2d1.dll
0x00007ffbd7c00000 - 0x00007ffbd7c88000 	C:\WINDOWS\SYSTEM32\apphelp.dll
0x00007ffbd8080000 - 0x00007ffbd80aa000 	C:\WINDOWS\system32\DWMAPI.DLL
0x00007ffbd7cd0000 - 0x00007ffbd7d65000 	C:\WINDOWS\system32\uxtheme.dll
0x00007ffbd88d0000 - 0x00007ffbd8901000 	C:\WINDOWS\SYSTEM32\ntmarta.dll

VM Arguments:
jvm_args: -Xmx1536m -Dfile.encoding=windows-1252 -Duser.country=MX -Duser.language=es -Duser.variant 
java_command: org.gradle.launcher.daemon.bootstrap.GradleDaemon 4.4
java_class_path (initial): C:\Users\Nahim\.gradle\wrapper\dists\gradle-4.4-all\9br9xq1tocpiv8o6njlyu5op1\gradle-4.4\lib\gradle-launcher-4.4.jar
Launcher Type: SUN_STANDARD

Environment Variables:
PATH=C:\ProgramData\Oracle\Java\javapath;C:\WINDOWS\system32;C:\WINDOWS;C:\WINDOWS\System32\Wbem;C:\WINDOWS\System32\WindowsPowerShell\v1.0\;C:\Program Files\Git\cmd;C:\Program Files (x86)\Brackets\command;C:\wamp64\bin\php\php7.0.10;C:\ProgramData\ComposerSetup\bin;C:\Program Files\PuTTY\;C:\Program Files\dotnet\;C:\Program Files\Microsoft SQL Server\130\Tools\Binn\;C:\Program Files (x86)\Microsoft SQL Server\140\Tools\Binn\;C:\Program Files\Microsoft SQL Server\140\Tools\Binn\;C:\Program Files (x86)\Microsoft SQL Server\140\DTS\Binn\;C:\Program Files\Microsoft SQL Server\140\DTS\Binn\;C:\Program Files\Microsoft SQL Server\Client SDK\ODBC\130\Tools\Binn\;C:\Program Files (x86)\Microsoft SQL Server\Client SDK\ODBC\130\Tools\Binn\;C:\Program Files (x86)\Microsoft SQL Server\140\Tools\Binn\ManagementStudio\;C:\Users\Nahim\AppData\Local\Microsoft\WindowsApps;C:\Users\Nahim\AppData\Roaming\Composer\vendor\bin
USERNAME=Nahim
OS=Windows_NT
PROCESSOR_IDENTIFIER=Intel64 Family 6 Model 58 Stepping 9, GenuineIntel



---------------  S Y S T E M  ---------------

OS: Windows 10.0 , 64 bit Build 16299 (10.0.16299.431)

CPU:total 8 (initial active 8) (4 cores per cpu, 2 threads per core) family 6 model 58 stepping 9, cmov, cx8, fxsr, mmx, sse, sse2, sse3, ssse3, sse4.1, sse4.2, popcnt, avx, aes, clmul, erms, ht, tsc, tscinvbit, tscinv

Memory: 4k page, physical 8271472k(455040k free), swap 10368624k(5008k free)

vm_info: OpenJDK 64-Bit Server VM (25.152-b02) for windows-amd64 JRE (1.8.0_152-release-1024-b02), built by "builder" with MS VC++ 10.0 (VS2010)

time: Tue May 22 11:01:02 2018
elapsed time: 2155 seconds (0d 0h 35m 55s)

